<?xml version="1.0" encoding="UTF-8"?>
<testsuites name="TestSuiteCase2" time="83" tests="3" failures="0" errors="0">
   <testsuite name="TestSuiteCase2" tests="3" failures="0" errors="0" time="83" timestamp="2018-08-28 06:15:53" hostname="admin - 192.168.1.7" id="Test Suites/TestSuiteCase2">
      <properties>
         <property name="deviceName" value=""/>
         <property name="devicePlatform" value=""/>
         <property name="logFolder" value="D:\\Katalon_Studio_Windows_32-5.6.1\\wwwww\\Reports\\TestSuiteCase2\\20180828_061547"/>
         <property name="logFiles" value="D:\\Katalon_Studio_Windows_32-5.6.1\\wwwww\\Reports\\TestSuiteCase2\\20180828_061547\\execution0.log"/>
         <property name="attachments" value=""/>
         <property name="hostName" value="admin - 192.168.1.7"/>
         <property name="os" value="Windows 7 32bit"/>
         <property name="katalonVersion" value="5.6.1.1"/>
         <property name="browser" value="Firefox 61.0"/>
         <property name="hostAddress" value="192.168.1.7"/>
         <property name="sessionId" value="604c884a-d33f-4b94-b0b7-c07522faaa4e"/>
         <property name="seleniumVersion" value="3.7.1"/>
         <property name="proxyInformation" value="ProxyInformation{proxyOption=NO_PROXY, proxyServerType=HTTP, password=, proxyServerAddress=, proxyServerPort=0}"/>
         <property name="platform" value="Windows 7"/>
      </properties>
      <testcase name="Test Cases/case2" classname="Test Cases/case2" status="PASSED">
         <system-out><![CDATA[2018-08-28 06:15:54 - [TEST_CASE][PASSED] - Test Cases/case2: Test Cases/case2

2018-08-28 06:15:55 - [TEST_STEP][PASSED] - openBrowser: Browser is opened with url: ''

2018-08-28 06:16:05 - [MESSAGE][PASSED] - Browser is opened with url: ''

2018-08-28 06:16:05 - [TEST_STEP][PASSED] - navigateToUrl: Navigate to 'https://courses.edx.org/register' successfully

2018-08-28 06:16:14 - [MESSAGE][PASSED] - Navigate to 'https://courses.edx.org/register' successfully

2018-08-28 06:16:14 - [TEST_STEP][PASSED] - setText: Text 'helena1.mokina@gmail.com' is set on object 'Object Repository/Page_Sign in or Register  edX/input_email'

2018-08-28 06:16:15 - [MESSAGE][PASSED] - Text 'helena1.mokina@gmail.com' is set on object 'Object Repository/Page_Sign in or Register  edX/input_email'

2018-08-28 06:16:15 - [TEST_STEP][PASSED] - setText: Text 'helena' is set on object 'Object Repository/Page_Sign in or Register  edX/input_name'

2018-08-28 06:16:15 - [MESSAGE][PASSED] - Text 'helena' is set on object 'Object Repository/Page_Sign in or Register  edX/input_name'

2018-08-28 06:16:15 - [TEST_STEP][PASSED] - setText: Text 'helenjohn' is set on object 'Object Repository/Page_Sign in or Register  edX/input_username'

2018-08-28 06:16:16 - [MESSAGE][PASSED] - Text 'helenjohn' is set on object 'Object Repository/Page_Sign in or Register  edX/input_username'

2018-08-28 06:16:16 - [TEST_STEP][PASSED] - setText: Text '1' is set on object 'Object Repository/Page_Sign in or Register  edX/input_password'

2018-08-28 06:16:16 - [MESSAGE][PASSED] - Text '1' is set on object 'Object Repository/Page_Sign in or Register  edX/input_password'

2018-08-28 06:16:16 - [TEST_STEP][PASSED] - selectOptionByValue: All options with value 'AW' are selected in object 'Object Repository/Page_Sign in or Register  edX/select_Afghanistan'  using regular expression

2018-08-28 06:16:23 - [MESSAGE][PASSED] - All options with value 'AW' are selected in object 'Object Repository/Page_Sign in or Register  edX/select_Afghanistan'  using regular expression

2018-08-28 06:16:23 - [TEST_STEP][PASSED] - click: Object: 'Object Repository/Page_Sign in or Register  edX/button_Create Account' is clicked on

2018-08-28 06:16:24 - [MESSAGE][PASSED] - Object: 'Object Repository/Page_Sign in or Register  edX/button_Create Account' is clicked on

2018-08-28 06:16:24 - [TEST_STEP][PASSED] - Statement - text = com.kms.katalon.core.webui.keyword.WebUiBuiltInKeywords.getText(com.kms.katalon.core.testobject.ObjectRepository.findTestObject(Page_Sign in or Register  edX/li_Enter a password with at le)): Text of object 'Object Repository/Page_Sign in or Register  edX/li_Enter a password with at le' is: 'Enter a password with at least 8 characters & 1 letter.'

2018-08-28 06:16:24 - [MESSAGE][PASSED] - Text of object 'Object Repository/Page_Sign in or Register  edX/li_Enter a password with at le' is: 'Enter a password with at least 8 characters & 1 letter.'

2018-08-28 06:16:24 - [TEST_STEP][PASSED] - verifyTextPresent: Text 'Enter a password with at least 8 characters & 1 letter.' is present on page 

2018-08-28 06:16:26 - [MESSAGE][PASSED] - Text 'Enter a password with at least 8 characters & 1 letter.' is present on page 

2018-08-28 06:16:26 - [TEST_STEP][PASSED] - closeBrowser: Browser is closed

2018-08-28 06:16:26 - [MESSAGE][PASSED] - Browser is closed]]></system-out>
         <system-err><![CDATA[]]></system-err>
      </testcase>
      <testcase name="Test Cases/case2" classname="Test Cases/case2" status="PASSED">
         <system-out><![CDATA[2018-08-28 06:16:26 - [TEST_CASE][PASSED] - Test Cases/case2: Test Cases/case2

2018-08-28 06:16:26 - [TEST_STEP][PASSED] - openBrowser: Browser is opened with url: ''

2018-08-28 06:16:34 - [MESSAGE][PASSED] - Browser is opened with url: ''

2018-08-28 06:16:34 - [TEST_STEP][PASSED] - navigateToUrl: Navigate to 'https://courses.edx.org/register' successfully

2018-08-28 06:16:43 - [MESSAGE][PASSED] - Navigate to 'https://courses.edx.org/register' successfully

2018-08-28 06:16:43 - [TEST_STEP][PASSED] - setText: Text 'helena1.mokina@gmail.com' is set on object 'Object Repository/Page_Sign in or Register  edX/input_email'

2018-08-28 06:16:43 - [MESSAGE][PASSED] - Text 'helena1.mokina@gmail.com' is set on object 'Object Repository/Page_Sign in or Register  edX/input_email'

2018-08-28 06:16:43 - [TEST_STEP][PASSED] - setText: Text 'helena' is set on object 'Object Repository/Page_Sign in or Register  edX/input_name'

2018-08-28 06:16:44 - [MESSAGE][PASSED] - Text 'helena' is set on object 'Object Repository/Page_Sign in or Register  edX/input_name'

2018-08-28 06:16:44 - [TEST_STEP][PASSED] - setText: Text '' is set on object 'Object Repository/Page_Sign in or Register  edX/input_username'

2018-08-28 06:16:44 - [MESSAGE][PASSED] - Text '' is set on object 'Object Repository/Page_Sign in or Register  edX/input_username'

2018-08-28 06:16:44 - [TEST_STEP][PASSED] - setText: Text 'Welcome1' is set on object 'Object Repository/Page_Sign in or Register  edX/input_password'

2018-08-28 06:16:44 - [MESSAGE][PASSED] - Text 'Welcome1' is set on object 'Object Repository/Page_Sign in or Register  edX/input_password'

2018-08-28 06:16:44 - [TEST_STEP][PASSED] - selectOptionByValue: All options with value 'AW' are selected in object 'Object Repository/Page_Sign in or Register  edX/select_Afghanistan'  using regular expression

2018-08-28 06:16:50 - [MESSAGE][PASSED] - All options with value 'AW' are selected in object 'Object Repository/Page_Sign in or Register  edX/select_Afghanistan'  using regular expression

2018-08-28 06:16:50 - [TEST_STEP][PASSED] - click: Object: 'Object Repository/Page_Sign in or Register  edX/button_Create Account' is clicked on

2018-08-28 06:16:50 - [MESSAGE][PASSED] - Object: 'Object Repository/Page_Sign in or Register  edX/button_Create Account' is clicked on

2018-08-28 06:16:50 - [TEST_STEP][PASSED] - Statement - text = com.kms.katalon.core.webui.keyword.WebUiBuiltInKeywords.getText(com.kms.katalon.core.testobject.ObjectRepository.findTestObject(Page_Sign in or Register  edX/li_Enter a password with at le)): Text of object 'Object Repository/Page_Sign in or Register  edX/li_Enter a password with at le' is: 'Username must be between 2 and 30 characters long.'

2018-08-28 06:16:51 - [MESSAGE][PASSED] - Text of object 'Object Repository/Page_Sign in or Register  edX/li_Enter a password with at le' is: 'Username must be between 2 and 30 characters long.'

2018-08-28 06:16:51 - [TEST_STEP][PASSED] - verifyTextPresent: Text 'Username must be between 2 and 30 characters long.' is present on page 

2018-08-28 06:16:52 - [MESSAGE][PASSED] - Text 'Username must be between 2 and 30 characters long.' is present on page 

2018-08-28 06:16:52 - [TEST_STEP][PASSED] - closeBrowser: Browser is closed

2018-08-28 06:16:53 - [MESSAGE][PASSED] - Browser is closed]]></system-out>
         <system-err><![CDATA[]]></system-err>
      </testcase>
      <testcase name="Test Cases/case2" classname="Test Cases/case2" status="PASSED">
         <system-out><![CDATA[2018-08-28 06:16:53 - [TEST_CASE][PASSED] - Test Cases/case2: Test Cases/case2

2018-08-28 06:16:53 - [TEST_STEP][PASSED] - openBrowser: Browser is opened with url: ''

2018-08-28 06:16:58 - [MESSAGE][PASSED] - Browser is opened with url: ''

2018-08-28 06:16:58 - [TEST_STEP][PASSED] - navigateToUrl: Navigate to 'https://courses.edx.org/register' successfully

2018-08-28 06:17:06 - [MESSAGE][PASSED] - Navigate to 'https://courses.edx.org/register' successfully

2018-08-28 06:17:06 - [TEST_STEP][PASSED] - setText: Text 'helena1.mokina@gmail.com' is set on object 'Object Repository/Page_Sign in or Register  edX/input_email'

2018-08-28 06:17:07 - [MESSAGE][PASSED] - Text 'helena1.mokina@gmail.com' is set on object 'Object Repository/Page_Sign in or Register  edX/input_email'

2018-08-28 06:17:07 - [TEST_STEP][PASSED] - setText: Text '' is set on object 'Object Repository/Page_Sign in or Register  edX/input_name'

2018-08-28 06:17:07 - [MESSAGE][PASSED] - Text '' is set on object 'Object Repository/Page_Sign in or Register  edX/input_name'

2018-08-28 06:17:07 - [TEST_STEP][PASSED] - setText: Text 'helenjohn' is set on object 'Object Repository/Page_Sign in or Register  edX/input_username'

2018-08-28 06:17:07 - [MESSAGE][PASSED] - Text 'helenjohn' is set on object 'Object Repository/Page_Sign in or Register  edX/input_username'

2018-08-28 06:17:07 - [TEST_STEP][PASSED] - setText: Text 'Welcome1' is set on object 'Object Repository/Page_Sign in or Register  edX/input_password'

2018-08-28 06:17:08 - [MESSAGE][PASSED] - Text 'Welcome1' is set on object 'Object Repository/Page_Sign in or Register  edX/input_password'

2018-08-28 06:17:08 - [TEST_STEP][PASSED] - selectOptionByValue: All options with value 'AW' are selected in object 'Object Repository/Page_Sign in or Register  edX/select_Afghanistan'  using regular expression

2018-08-28 06:17:14 - [MESSAGE][PASSED] - All options with value 'AW' are selected in object 'Object Repository/Page_Sign in or Register  edX/select_Afghanistan'  using regular expression

2018-08-28 06:17:14 - [TEST_STEP][PASSED] - click: Object: 'Object Repository/Page_Sign in or Register  edX/button_Create Account' is clicked on

2018-08-28 06:17:14 - [MESSAGE][PASSED] - Object: 'Object Repository/Page_Sign in or Register  edX/button_Create Account' is clicked on

2018-08-28 06:17:14 - [TEST_STEP][PASSED] - Statement - text = com.kms.katalon.core.webui.keyword.WebUiBuiltInKeywords.getText(com.kms.katalon.core.testobject.ObjectRepository.findTestObject(Page_Sign in or Register  edX/li_Enter a password with at le)): Text of object 'Object Repository/Page_Sign in or Register  edX/li_Enter a password with at le' is: 'Enter your full name.'

2018-08-28 06:17:14 - [MESSAGE][PASSED] - Text of object 'Object Repository/Page_Sign in or Register  edX/li_Enter a password with at le' is: 'Enter your full name.'

2018-08-28 06:17:14 - [TEST_STEP][PASSED] - verifyTextPresent: Text 'Enter your full name.' is present on page 

2018-08-28 06:17:16 - [MESSAGE][PASSED] - Text 'Enter your full name.' is present on page 

2018-08-28 06:17:16 - [TEST_STEP][PASSED] - closeBrowser: Browser is closed

2018-08-28 06:17:16 - [MESSAGE][PASSED] - Browser is closed]]></system-out>
         <system-err><![CDATA[]]></system-err>
      </testcase>
      <system-out><![CDATA[2018-08-28 06:15:53 - [TEST_SUITE][PASSED] - TestSuiteCase2: Test Cases/case2]]></system-out>
      <system-err><![CDATA[]]></system-err>
   </testsuite>
</testsuites>
